<?xml version="1.0" encoding="UTF-8"?>
<coverage generated="1567917945727" clover="3.2.0">
  <project timestamp="1567917945728" name="All files">
    <metrics statements="105" coveredstatements="63" conditionals="14" coveredconditionals="7" methods="17" coveredmethods="6" elements="136" coveredelements="76" complexity="0" loc="105" ncloc="105" packages="5" files="12" classes="12">
      <package name="src">
        <metrics statements="17" coveredstatements="7" conditionals="4" coveredconditionals="2" methods="3" coveredmethods="0"/>
        <file name="App.vue" path="D:\Projects\ex-localstor\src\App.vue">
          <metrics statements="17" coveredstatements="7" conditionals="4" coveredconditionals="2" methods="3" coveredmethods="0"/>
          <line num="22" count="3" type="stmt"/>
          <line num="27" count="0" type="stmt"/>
          <line num="28" count="0" type="stmt"/>
          <line num="32" count="1" type="stmt"/>
          <line num="35" count="0" type="stmt"/>
          <line num="36" count="0" type="stmt"/>
          <line num="37" count="0" type="stmt"/>
          <line num="38" count="0" type="stmt"/>
          <line num="41" count="0" type="stmt"/>
          <line num="42" count="0" type="stmt"/>
          <line num="47" count="3" type="stmt"/>
          <line num="50" count="3" type="stmt"/>
          <line num="54" count="3" type="cond" truecount="1" falsecount="1"/>
          <line num="55" count="0" type="stmt"/>
          <line num="57" count="3" type="cond" truecount="1" falsecount="1"/>
          <line num="58" count="0" type="stmt"/>
          <line num="62" count="3" type="stmt"/>
        </file>
        <file name="EventBus.js" path="D:\Projects\ex-localstor\src\EventBus.js">
          <metrics statements="0" coveredstatements="0" conditionals="0" coveredconditionals="0" methods="0" coveredmethods="0"/>
        </file>
      </package>
      <package name="src.components">
        <metrics statements="20" coveredstatements="7" conditionals="2" coveredconditionals="1" methods="6" coveredmethods="0"/>
        <file name="PopupInvitation.vue" path="D:\Projects\ex-localstor\src\components\PopupInvitation.vue">
          <metrics statements="2" coveredstatements="2" conditionals="0" coveredconditionals="0" methods="0" coveredmethods="0"/>
          <line num="21" count="1" type="stmt"/>
          <line num="24" count="1" type="stmt"/>
        </file>
        <file name="PopupMain.vue" path="D:\Projects\ex-localstor\src\components\PopupMain.vue">
          <metrics statements="18" coveredstatements="5" conditionals="2" coveredconditionals="1" methods="6" coveredmethods="0"/>
          <line num="60" count="1" type="stmt"/>
          <line num="64" count="0" type="stmt"/>
          <line num="65" count="0" type="stmt"/>
          <line num="66" count="0" type="stmt"/>
          <line num="67" count="0" type="stmt"/>
          <line num="68" count="0" type="stmt"/>
          <line num="72" count="4" type="stmt"/>
          <line num="75" count="4" type="stmt"/>
          <line num="80" count="0" type="stmt"/>
          <line num="81" count="0" type="stmt"/>
          <line num="84" count="0" type="stmt"/>
          <line num="85" count="0" type="stmt"/>
          <line num="88" count="0" type="stmt"/>
          <line num="91" count="0" type="stmt"/>
          <line num="95" count="4" type="cond" truecount="1" falsecount="1"/>
          <line num="96" count="0" type="stmt"/>
          <line num="98" count="4" type="stmt"/>
          <line num="99" count="0" type="stmt"/>
        </file>
      </package>
      <package name="src.components.QuestionnaireTemplate">
        <metrics statements="40" coveredstatements="30" conditionals="6" coveredconditionals="3" methods="2" coveredmethods="2"/>
        <file name="Final.vue" path="D:\Projects\ex-localstor\src\components\QuestionnaireTemplate\Final.vue">
          <metrics statements="2" coveredstatements="0" conditionals="0" coveredconditionals="0" methods="0" coveredmethods="0"/>
          <line num="25" count="0" type="stmt"/>
          <line num="30" count="0" type="stmt"/>
        </file>
        <file name="Score.vue" path="D:\Projects\ex-localstor\src\components\QuestionnaireTemplate\Score.vue">
          <metrics statements="18" coveredstatements="13" conditionals="6" coveredconditionals="3" methods="0" coveredmethods="0"/>
          <line num="28" count="2" type="stmt"/>
          <line num="45" count="4" type="stmt"/>
          <line num="55" count="0" type="stmt"/>
          <line num="56" count="0" type="stmt"/>
          <line num="62" count="0" type="stmt"/>
          <line num="63" count="0" type="stmt"/>
          <line num="69" count="2" type="cond" truecount="1" falsecount="1"/>
          <line num="70" count="2" type="stmt"/>
          <line num="71" count="2" type="stmt"/>
          <line num="72" count="2" type="stmt"/>
          <line num="73" count="2" type="cond" truecount="1" falsecount="1"/>
          <line num="74" count="2" type="stmt"/>
          <line num="75" count="2" type="stmt"/>
          <line num="77" count="0" type="stmt"/>
          <line num="79" count="2" type="stmt"/>
          <line num="80" count="2" type="cond" truecount="1" falsecount="1"/>
          <line num="81" count="2" type="stmt"/>
          <line num="88" count="4" type="stmt"/>
        </file>
        <file name="SelectMulti.vue" path="D:\Projects\ex-localstor\src\components\QuestionnaireTemplate\SelectMulti.vue">
          <metrics statements="6" coveredstatements="6" conditionals="0" coveredconditionals="0" methods="1" coveredmethods="1"/>
          <line num="36" count="1" type="stmt"/>
          <line num="37" count="1" type="stmt"/>
          <line num="38" count="1" type="stmt"/>
          <line num="40" count="1" type="stmt"/>
          <line num="41" count="1" type="stmt"/>
          <line num="42" count="1" type="stmt"/>
        </file>
        <file name="SelectOne.vue" path="D:\Projects\ex-localstor\src\components\QuestionnaireTemplate\SelectOne.vue">
          <metrics statements="10" coveredstatements="10" conditionals="0" coveredconditionals="0" methods="1" coveredmethods="1"/>
          <line num="38" count="1" type="stmt"/>
          <line num="39" count="1" type="stmt"/>
          <line num="40" count="1" type="stmt"/>
          <line num="42" count="1" type="stmt"/>
          <line num="43" count="1" type="stmt"/>
          <line num="44" count="1" type="stmt"/>
          <line num="47" count="1" type="stmt"/>
          <line num="48" count="1" type="stmt"/>
          <line num="49" count="3" type="stmt"/>
          <line num="51" count="1" type="stmt"/>
        </file>
        <file name="TextOnly.vue" path="D:\Projects\ex-localstor\src\components\QuestionnaireTemplate\TextOnly.vue">
          <metrics statements="4" coveredstatements="1" conditionals="0" coveredconditionals="0" methods="0" coveredmethods="0"/>
          <line num="27" count="1" type="stmt"/>
          <line num="30" count="0" type="stmt"/>
          <line num="31" count="0" type="stmt"/>
          <line num="32" count="0" type="stmt"/>
        </file>
      </package>
      <package name="src.store">
        <metrics statements="1" coveredstatements="1" conditionals="0" coveredconditionals="0" methods="0" coveredmethods="0"/>
        <file name="store.js" path="D:\Projects\ex-localstor\src\store\store.js">
          <metrics statements="1" coveredstatements="1" conditionals="0" coveredconditionals="0" methods="0" coveredmethods="0"/>
          <line num="5" count="1" type="stmt"/>
        </file>
      </package>
      <package name="src.store.modules">
        <metrics statements="27" coveredstatements="18" conditionals="2" coveredconditionals="1" methods="6" coveredmethods="4"/>
        <file name="PopupInvitation.js" path="D:\Projects\ex-localstor\src\store\modules\PopupInvitation.js">
          <metrics statements="4" coveredstatements="4" conditionals="0" coveredconditionals="0" methods="1" coveredmethods="1"/>
          <line num="7" count="1" type="stmt"/>
          <line num="12" count="1" type="stmt"/>
          <line num="17" count="1" type="stmt"/>
          <line num="18" count="1" type="stmt"/>
        </file>
        <file name="PopupMain.js" path="D:\Projects\ex-localstor\src\store\modules\PopupMain.js">
          <metrics statements="23" coveredstatements="14" conditionals="2" coveredconditionals="1" methods="5" coveredmethods="3"/>
          <line num="13" count="1" type="stmt"/>
          <line num="16" count="1" type="stmt"/>
          <line num="19" count="1" type="stmt"/>
          <line num="22" count="0" type="stmt"/>
          <line num="27" count="1" type="stmt"/>
          <line num="30" count="1" type="cond" truecount="1" falsecount="1"/>
          <line num="31" count="1" type="stmt"/>
          <line num="32" count="0" type="stmt"/>
          <line num="34" count="1" type="stmt"/>
          <line num="38" count="1" type="stmt"/>
          <line num="41" count="1" type="stmt"/>
          <line num="44" count="0" type="stmt"/>
          <line num="47" count="0" type="stmt"/>
          <line num="52" count="1" type="stmt"/>
          <line num="53" count="1" type="stmt"/>
          <line num="56" count="1" type="stmt"/>
          <line num="59" count="1" type="stmt"/>
          <line num="62" count="0" type="stmt"/>
          <line num="63" count="0" type="stmt"/>
          <line num="66" count="1" type="stmt"/>
          <line num="69" count="0" type="stmt"/>
          <line num="70" count="0" type="stmt"/>
          <line num="73" count="0" type="stmt"/>
        </file>
      </package>
    </metrics>
  </project>
</coverage>
