{"D:\\Projects\\ex-localstor\\src\\App.vue": {"path":"D:\\Projects\\ex-localstor\\src\\App.vue","statementMap":{"0":{"start":{"line":22,"column":0},"end":{"line":null,"column":-1}},"1":{"start":{"line":27,"column":0},"end":{"line":null,"column":-1}},"2":{"start":{"line":28,"column":0},"end":{"line":null,"column":-1}},"3":{"start":{"line":32,"column":0},"end":{"line":null,"column":-1}},"4":{"start":{"line":35,"column":0},"end":{"line":null,"column":-1}},"5":{"start":{"line":36,"column":0},"end":{"line":null,"column":-1}},"6":{"start":{"line":39,"column":0},"end":{"line":null,"column":-1}},"7":{"start":{"line":40,"column":0},"end":{"line":null,"column":-1}},"8":{"start":{"line":45,"column":0},"end":{"line":null,"column":-1}},"9":{"start":{"line":49,"column":0},"end":{"line":51,"column":0}},"10":{"start":{"line":50,"column":0},"end":{"line":null,"column":-1}},"11":{"start":{"line":52,"column":0},"end":{"line":54,"column":0}},"12":{"start":{"line":53,"column":0},"end":{"line":null,"column":-1}},"13":{"start":{"line":57,"column":0},"end":{"line":null,"column":-1}}},"fnMap":{"0":{"name":"(anonymous_1)","decl":{"start":{"line":27,"column":0},"end":{"line":null,"column":-1}},"loc":{"start":{"line":27,"column":0},"end":{"line":null,"column":-1}}},"1":{"name":"(anonymous_3)","decl":{"start":{"line":28,"column":0},"end":{"line":null,"column":-1}},"loc":{"start":{"line":28,"column":0},"end":{"line":null,"column":-1}}},"2":{"name":"handler","decl":{"start":{"line":38,"column":0},"end":{"line":null,"column":-1}},"loc":{"start":{"line":38,"column":0},"end":{"line":41,"column":0}}}},"branchMap":{"0":{"loc":{"start":{"line":49,"column":0},"end":{"line":51,"column":0}},"type":"if","locations":[{"start":{"line":49,"column":0},"end":{"line":51,"column":0}},{"start":{"line":49,"column":0},"end":{"line":51,"column":0}}]},"1":{"loc":{"start":{"line":52,"column":0},"end":{"line":54,"column":0}},"type":"if","locations":[{"start":{"line":52,"column":0},"end":{"line":54,"column":0}},{"start":{"line":52,"column":0},"end":{"line":54,"column":0}}]}},"s":{"0":3,"1":0,"2":2,"3":1,"4":0,"5":0,"6":0,"7":0,"8":3,"9":3,"10":0,"11":3,"12":0,"13":3},"f":{"0":0,"1":2,"2":0},"b":{"0":[0,3],"1":[0,3]}}
,"D:\\Projects\\ex-localstor\\src\\components\\PopupInvitation.vue": {"path":"D:\\Projects\\ex-localstor\\src\\components\\PopupInvitation.vue","statementMap":{"0":{"start":{"line":21,"column":0},"end":{"line":null,"column":-1}}},"fnMap":{},"branchMap":{},"s":{"0":1},"f":{},"b":{}}
,"D:\\Projects\\ex-localstor\\src\\components\\PopupMain.vue": {"path":"D:\\Projects\\ex-localstor\\src\\components\\PopupMain.vue","statementMap":{"0":{"start":{"line":43,"column":0},"end":{"line":null,"column":-1}},"1":{"start":{"line":44,"column":0},"end":{"line":null,"column":-1}},"2":{"start":{"line":45,"column":0},"end":{"line":null,"column":-1}},"3":{"start":{"line":46,"column":0},"end":{"line":null,"column":-1}},"4":{"start":{"line":50,"column":0},"end":{"line":null,"column":-1}},"5":{"start":{"line":53,"column":0},"end":{"line":null,"column":-1}},"6":{"start":{"line":58,"column":0},"end":{"line":null,"column":-1}},"7":{"start":{"line":59,"column":0},"end":{"line":null,"column":-1}},"8":{"start":{"line":62,"column":0},"end":{"line":null,"column":-1}},"9":{"start":{"line":63,"column":0},"end":{"line":null,"column":-1}},"10":{"start":{"line":67,"column":0},"end":{"line":69,"column":0}},"11":{"start":{"line":68,"column":0},"end":{"line":null,"column":-1}}},"fnMap":{"0":{"name":"(anonymous_1)","decl":{"start":{"line":43,"column":0},"end":{"line":null,"column":-1}},"loc":{"start":{"line":43,"column":0},"end":{"line":null,"column":-1}}},"1":{"name":"(anonymous_3)","decl":{"start":{"line":44,"column":0},"end":{"line":null,"column":-1}},"loc":{"start":{"line":44,"column":0},"end":{"line":null,"column":-1}}},"2":{"name":"(anonymous_5)","decl":{"start":{"line":45,"column":0},"end":{"line":null,"column":-1}},"loc":{"start":{"line":45,"column":0},"end":{"line":null,"column":-1}}},"3":{"name":"(anonymous_7)","decl":{"start":{"line":46,"column":0},"end":{"line":null,"column":-1}},"loc":{"start":{"line":46,"column":0},"end":{"line":null,"column":-1}}}},"branchMap":{"0":{"loc":{"start":{"line":67,"column":0},"end":{"line":69,"column":0}},"type":"if","locations":[{"start":{"line":67,"column":0},"end":{"line":69,"column":0}},{"start":{"line":67,"column":0},"end":{"line":69,"column":0}}]}},"s":{"0":0,"1":0,"2":0,"3":0,"4":6,"5":6,"6":1,"7":1,"8":1,"9":1,"10":6,"11":0},"f":{"0":0,"1":0,"2":0,"3":0},"b":{"0":[0,6]}}
,"D:\\Projects\\ex-localstor\\src\\components\\QuestionnaireTemplate\\Score.vue": {"path":"D:\\Projects\\ex-localstor\\src\\components\\QuestionnaireTemplate\\Score.vue","statementMap":{"0":{"start":{"line":42,"column":0},"end":{"line":null,"column":-1}},"1":{"start":{"line":52,"column":0},"end":{"line":null,"column":-1}},"2":{"start":{"line":53,"column":0},"end":{"line":null,"column":-1}},"3":{"start":{"line":59,"column":0},"end":{"line":null,"column":-1}},"4":{"start":{"line":60,"column":0},"end":{"line":null,"column":-1}},"5":{"start":{"line":66,"column":0},"end":{"line":null,"column":-1}},"6":{"start":{"line":67,"column":0},"end":{"line":null,"column":-1}},"7":{"start":{"line":68,"column":0},"end":{"line":null,"column":-1}},"8":{"start":{"line":69,"column":0},"end":{"line":null,"column":-1}},"9":{"start":{"line":73,"column":0},"end":{"line":null,"column":-1}}},"fnMap":{},"branchMap":{},"s":{"0":4,"1":0,"2":0,"3":0,"4":0,"5":1,"6":1,"7":1,"8":1,"9":4},"f":{},"b":{}}
,"D:\\Projects\\ex-localstor\\src\\components\\QuestionnaireTemplate\\SelectMulti.vue": {"path":"D:\\Projects\\ex-localstor\\src\\components\\QuestionnaireTemplate\\SelectMulti.vue","statementMap":{"0":{"start":{"line":35,"column":0},"end":{"line":null,"column":-1}},"1":{"start":{"line":36,"column":0},"end":{"line":38,"column":0}},"2":{"start":{"line":37,"column":0},"end":{"line":null,"column":-1}},"3":{"start":{"line":39,"column":0},"end":{"line":null,"column":-1}},"4":{"start":{"line":40,"column":0},"end":{"line":null,"column":-1}},"5":{"start":{"line":41,"column":0},"end":{"line":null,"column":-1}}},"fnMap":{"0":{"name":"(anonymous_1)","decl":{"start":{"line":36,"column":0},"end":{"line":null,"column":-1}},"loc":{"start":{"line":36,"column":0},"end":{"line":38,"column":0}}}},"branchMap":{},"s":{"0":1,"1":1,"2":1,"3":1,"4":1,"5":1},"f":{"0":1},"b":{}}
,"D:\\Projects\\ex-localstor\\src\\components\\QuestionnaireTemplate\\SelectOne.vue": {"path":"D:\\Projects\\ex-localstor\\src\\components\\QuestionnaireTemplate\\SelectOne.vue","statementMap":{"0":{"start":{"line":37,"column":0},"end":{"line":null,"column":-1}},"1":{"start":{"line":38,"column":0},"end":{"line":40,"column":0}},"2":{"start":{"line":39,"column":0},"end":{"line":null,"column":-1}},"3":{"start":{"line":41,"column":0},"end":{"line":null,"column":-1}},"4":{"start":{"line":42,"column":0},"end":{"line":null,"column":-1}},"5":{"start":{"line":43,"column":0},"end":{"line":null,"column":-1}},"6":{"start":{"line":46,"column":0},"end":{"line":null,"column":-1}},"7":{"start":{"line":47,"column":0},"end":{"line":49,"column":0}},"8":{"start":{"line":48,"column":0},"end":{"line":null,"column":-1}},"9":{"start":{"line":50,"column":0},"end":{"line":null,"column":-1}}},"fnMap":{"0":{"name":"(anonymous_1)","decl":{"start":{"line":38,"column":0},"end":{"line":null,"column":-1}},"loc":{"start":{"line":38,"column":0},"end":{"line":40,"column":0}}}},"branchMap":{},"s":{"0":1,"1":1,"2":1,"3":1,"4":1,"5":1,"6":1,"7":1,"8":3,"9":1},"f":{"0":1},"b":{}}
,"D:\\Projects\\ex-localstor\\src\\components\\QuestionnaireTemplate\\TextOnly.vue": {"path":"D:\\Projects\\ex-localstor\\src\\components\\QuestionnaireTemplate\\TextOnly.vue","statementMap":{"0":{"start":{"line":27,"column":0},"end":{"line":null,"column":-1}},"1":{"start":{"line":30,"column":0},"end":{"line":null,"column":-1}},"2":{"start":{"line":31,"column":0},"end":{"line":null,"column":-1}},"3":{"start":{"line":32,"column":0},"end":{"line":null,"column":-1}}},"fnMap":{},"branchMap":{},"s":{"0":1,"1":0,"2":0,"3":0},"f":{},"b":{}}
,"D:\\Projects\\ex-localstor\\src\\store\\store.js": {"path":"D:\\Projects\\ex-localstor\\src\\store\\store.js","statementMap":{"0":{"start":{"line":5,"column":0},"end":{"line":5,"column":13}}},"fnMap":{},"branchMap":{},"s":{"0":1},"f":{},"b":{},"_coverageSchema":"332fd63041d2c1bcb487cc26dd0d5f7d97098a6c","hash":"707fd971565432812a151b96a9aaf71f06ed799f"}
,"D:\\Projects\\ex-localstor\\src\\store\\modules\\PopupInvitation.js": {"path":"D:\\Projects\\ex-localstor\\src\\store\\modules\\PopupInvitation.js","statementMap":{"0":{"start":{"line":7,"column":6},"end":{"line":7,"column":30}},"1":{"start":{"line":12,"column":6},"end":{"line":12,"column":33}},"2":{"start":{"line":17,"column":6},"end":{"line":17,"column":45}},"3":{"start":{"line":18,"column":6},"end":{"line":18,"column":42}}},"fnMap":{"0":{"name":"(anonymous_0)","decl":{"start":{"line":6,"column":17},"end":{"line":6,"column":18}},"loc":{"start":{"line":6,"column":26},"end":{"line":8,"column":5}},"line":6}},"branchMap":{},"s":{"0":1,"1":1,"2":1,"3":1},"f":{"0":1},"b":{},"_coverageSchema":"332fd63041d2c1bcb487cc26dd0d5f7d97098a6c","hash":"d32dfcc110723a659eab6a5e9c6a771347356f0d"}
,"D:\\Projects\\ex-localstor\\src\\store\\modules\\PopupMain.js": {"path":"D:\\Projects\\ex-localstor\\src\\store\\modules\\PopupMain.js","statementMap":{"0":{"start":{"line":41,"column":6},"end":{"line":41,"column":32}},"1":{"start":{"line":44,"column":6},"end":{"line":44,"column":37}},"2":{"start":{"line":49,"column":6},"end":{"line":49,"column":40}},"3":{"start":{"line":52,"column":21},"end":{"line":54,"column":8}},"4":{"start":{"line":53,"column":8},"end":{"line":53,"column":48}},"5":{"start":{"line":55,"column":6},"end":{"line":55,"column":65}},"6":{"start":{"line":58,"column":6},"end":{"line":58,"column":35}},"7":{"start":{"line":63,"column":6},"end":{"line":63,"column":57}},"8":{"start":{"line":64,"column":6},"end":{"line":64,"column":51}},"9":{"start":{"line":67,"column":6},"end":{"line":67,"column":52}},"10":{"start":{"line":70,"column":6},"end":{"line":70,"column":45}}},"fnMap":{"0":{"name":"(anonymous_0)","decl":{"start":{"line":40,"column":23},"end":{"line":40,"column":24}},"loc":{"start":{"line":40,"column":32},"end":{"line":42,"column":5}},"line":40},"1":{"name":"(anonymous_1)","decl":{"start":{"line":43,"column":29},"end":{"line":43,"column":30}},"loc":{"start":{"line":43,"column":38},"end":{"line":45,"column":5}},"line":43},"2":{"name":"(anonymous_2)","decl":{"start":{"line":52,"column":51},"end":{"line":52,"column":52}},"loc":{"start":{"line":52,"column":68},"end":{"line":54,"column":7}},"line":52}},"branchMap":{},"s":{"0":1,"1":1,"2":1,"3":1,"4":3,"5":1,"6":1,"7":1,"8":1,"9":1,"10":1},"f":{"0":1,"1":1,"2":3},"b":{},"_coverageSchema":"332fd63041d2c1bcb487cc26dd0d5f7d97098a6c","hash":"de067be96b8da65b09e4f57303e16ae4b0f0aa0a"}
}
