{"D:\\Projects\\ex-localstor\\src\\App.vue": {"path":"D:\\Projects\\ex-localstor\\src\\App.vue","statementMap":{"0":{"start":{"line":22,"column":0},"end":{"line":null,"column":-1}},"1":{"start":{"line":27,"column":0},"end":{"line":null,"column":-1}},"2":{"start":{"line":28,"column":0},"end":{"line":null,"column":-1}},"3":{"start":{"line":32,"column":0},"end":{"line":null,"column":-1}},"4":{"start":{"line":35,"column":0},"end":{"line":null,"column":-1}},"5":{"start":{"line":36,"column":0},"end":{"line":null,"column":-1}},"6":{"start":{"line":37,"column":0},"end":{"line":null,"column":-1}},"7":{"start":{"line":38,"column":0},"end":{"line":null,"column":-1}},"8":{"start":{"line":41,"column":0},"end":{"line":null,"column":-1}},"9":{"start":{"line":42,"column":0},"end":{"line":null,"column":-1}},"10":{"start":{"line":47,"column":0},"end":{"line":null,"column":-1}},"11":{"start":{"line":50,"column":0},"end":{"line":null,"column":-1}},"12":{"start":{"line":54,"column":0},"end":{"line":56,"column":0}},"13":{"start":{"line":55,"column":0},"end":{"line":null,"column":-1}},"14":{"start":{"line":57,"column":0},"end":{"line":59,"column":0}},"15":{"start":{"line":58,"column":0},"end":{"line":null,"column":-1}},"16":{"start":{"line":62,"column":0},"end":{"line":null,"column":-1}}},"fnMap":{"0":{"name":"(anonymous_1)","decl":{"start":{"line":27,"column":0},"end":{"line":null,"column":-1}},"loc":{"start":{"line":27,"column":0},"end":{"line":null,"column":-1}}},"1":{"name":"(anonymous_3)","decl":{"start":{"line":28,"column":0},"end":{"line":null,"column":-1}},"loc":{"start":{"line":28,"column":0},"end":{"line":null,"column":-1}}},"2":{"name":"handler","decl":{"start":{"line":40,"column":0},"end":{"line":null,"column":-1}},"loc":{"start":{"line":40,"column":0},"end":{"line":43,"column":0}}}},"branchMap":{"0":{"loc":{"start":{"line":54,"column":0},"end":{"line":56,"column":0}},"type":"if","locations":[{"start":{"line":54,"column":0},"end":{"line":56,"column":0}},{"start":{"line":54,"column":0},"end":{"line":56,"column":0}}]},"1":{"loc":{"start":{"line":57,"column":0},"end":{"line":59,"column":0}},"type":"if","locations":[{"start":{"line":57,"column":0},"end":{"line":59,"column":0}},{"start":{"line":57,"column":0},"end":{"line":59,"column":0}}]}},"s":{"0":3,"1":0,"2":0,"3":1,"4":0,"5":0,"6":0,"7":0,"8":0,"9":0,"10":3,"11":3,"12":3,"13":0,"14":3,"15":0,"16":3},"f":{"0":0,"1":0,"2":0},"b":{"0":[0,3],"1":[0,3]}}
,"D:\\Projects\\ex-localstor\\src\\EventBus.js": {"path":"D:\\Projects\\ex-localstor\\src\\EventBus.js","statementMap":{},"fnMap":{},"branchMap":{},"s":{},"f":{},"b":{},"_coverageSchema":"332fd63041d2c1bcb487cc26dd0d5f7d97098a6c","hash":"4b1e1a1321550490d4ad4dd45dd896a5996c05e7"}
,"D:\\Projects\\ex-localstor\\src\\components\\PopupInvitation.vue": {"path":"D:\\Projects\\ex-localstor\\src\\components\\PopupInvitation.vue","statementMap":{"0":{"start":{"line":21,"column":0},"end":{"line":null,"column":-1}},"1":{"start":{"line":24,"column":0},"end":{"line":null,"column":-1}}},"fnMap":{},"branchMap":{},"s":{"0":1,"1":1},"f":{},"b":{}}
,"D:\\Projects\\ex-localstor\\src\\components\\PopupMain.vue": {"path":"D:\\Projects\\ex-localstor\\src\\components\\PopupMain.vue","statementMap":{"0":{"start":{"line":60,"column":0},"end":{"line":null,"column":-1}},"1":{"start":{"line":64,"column":0},"end":{"line":null,"column":-1}},"2":{"start":{"line":65,"column":0},"end":{"line":null,"column":-1}},"3":{"start":{"line":66,"column":0},"end":{"line":null,"column":-1}},"4":{"start":{"line":67,"column":0},"end":{"line":null,"column":-1}},"5":{"start":{"line":68,"column":0},"end":{"line":null,"column":-1}},"6":{"start":{"line":72,"column":0},"end":{"line":null,"column":-1}},"7":{"start":{"line":75,"column":0},"end":{"line":null,"column":-1}},"8":{"start":{"line":80,"column":0},"end":{"line":null,"column":-1}},"9":{"start":{"line":81,"column":0},"end":{"line":null,"column":-1}},"10":{"start":{"line":84,"column":0},"end":{"line":null,"column":-1}},"11":{"start":{"line":85,"column":0},"end":{"line":null,"column":-1}},"12":{"start":{"line":88,"column":0},"end":{"line":null,"column":-1}},"13":{"start":{"line":91,"column":0},"end":{"line":null,"column":-1}},"14":{"start":{"line":95,"column":0},"end":{"line":97,"column":0}},"15":{"start":{"line":96,"column":0},"end":{"line":null,"column":-1}},"16":{"start":{"line":98,"column":0},"end":{"line":100,"column":0}},"17":{"start":{"line":99,"column":0},"end":{"line":null,"column":-1}}},"fnMap":{"0":{"name":"(anonymous_1)","decl":{"start":{"line":64,"column":0},"end":{"line":null,"column":-1}},"loc":{"start":{"line":64,"column":0},"end":{"line":null,"column":-1}}},"1":{"name":"(anonymous_3)","decl":{"start":{"line":65,"column":0},"end":{"line":null,"column":-1}},"loc":{"start":{"line":65,"column":0},"end":{"line":null,"column":-1}}},"2":{"name":"(anonymous_5)","decl":{"start":{"line":66,"column":0},"end":{"line":null,"column":-1}},"loc":{"start":{"line":66,"column":0},"end":{"line":null,"column":-1}}},"3":{"name":"(anonymous_7)","decl":{"start":{"line":67,"column":0},"end":{"line":null,"column":-1}},"loc":{"start":{"line":67,"column":0},"end":{"line":null,"column":-1}}},"4":{"name":"(anonymous_9)","decl":{"start":{"line":68,"column":0},"end":{"line":null,"column":-1}},"loc":{"start":{"line":68,"column":0},"end":{"line":null,"column":-1}}},"5":{"name":"(anonymous_11)","decl":{"start":{"line":98,"column":0},"end":{"line":null,"column":-1}},"loc":{"start":{"line":98,"column":0},"end":{"line":100,"column":0}}}},"branchMap":{"0":{"loc":{"start":{"line":95,"column":0},"end":{"line":97,"column":0}},"type":"if","locations":[{"start":{"line":95,"column":0},"end":{"line":97,"column":0}},{"start":{"line":95,"column":0},"end":{"line":97,"column":0}}]}},"s":{"0":1,"1":0,"2":0,"3":0,"4":0,"5":0,"6":4,"7":4,"8":0,"9":0,"10":0,"11":0,"12":0,"13":0,"14":4,"15":0,"16":4,"17":0},"f":{"0":0,"1":0,"2":0,"3":0,"4":0,"5":0},"b":{"0":[0,4]}}
,"D:\\Projects\\ex-localstor\\src\\components\\QuestionnaireTemplate\\Final.vue": {"path":"D:\\Projects\\ex-localstor\\src\\components\\QuestionnaireTemplate\\Final.vue","statementMap":{"0":{"start":{"line":25,"column":0},"end":{"line":null,"column":-1}},"1":{"start":{"line":30,"column":0},"end":{"line":null,"column":-1}}},"fnMap":{},"branchMap":{},"s":{"0":0,"1":0},"f":{},"b":{}}
,"D:\\Projects\\ex-localstor\\src\\components\\QuestionnaireTemplate\\Score.vue": {"path":"D:\\Projects\\ex-localstor\\src\\components\\QuestionnaireTemplate\\Score.vue","statementMap":{"0":{"start":{"line":28,"column":0},"end":{"line":null,"column":-1}},"1":{"start":{"line":45,"column":0},"end":{"line":null,"column":-1}},"2":{"start":{"line":55,"column":0},"end":{"line":null,"column":-1}},"3":{"start":{"line":56,"column":0},"end":{"line":null,"column":-1}},"4":{"start":{"line":62,"column":0},"end":{"line":null,"column":-1}},"5":{"start":{"line":63,"column":0},"end":{"line":null,"column":-1}},"6":{"start":{"line":69,"column":0},"end":{"line":84,"column":0}},"7":{"start":{"line":70,"column":0},"end":{"line":null,"column":-1}},"8":{"start":{"line":71,"column":0},"end":{"line":null,"column":-1}},"9":{"start":{"line":72,"column":0},"end":{"line":null,"column":-1}},"10":{"start":{"line":73,"column":0},"end":{"line":78,"column":0}},"11":{"start":{"line":74,"column":0},"end":{"line":null,"column":-1}},"12":{"start":{"line":75,"column":0},"end":{"line":null,"column":-1}},"13":{"start":{"line":77,"column":0},"end":{"line":null,"column":-1}},"14":{"start":{"line":79,"column":0},"end":{"line":null,"column":-1}},"15":{"start":{"line":80,"column":0},"end":{"line":82,"column":0}},"16":{"start":{"line":81,"column":0},"end":{"line":null,"column":-1}},"17":{"start":{"line":88,"column":0},"end":{"line":null,"column":-1}}},"fnMap":{},"branchMap":{"0":{"loc":{"start":{"line":69,"column":0},"end":{"line":84,"column":0}},"type":"if","locations":[{"start":{"line":69,"column":0},"end":{"line":84,"column":0}},{"start":{"line":69,"column":0},"end":{"line":84,"column":0}}]},"1":{"loc":{"start":{"line":73,"column":0},"end":{"line":78,"column":0}},"type":"if","locations":[{"start":{"line":73,"column":0},"end":{"line":78,"column":0}},{"start":{"line":73,"column":0},"end":{"line":78,"column":0}}]},"2":{"loc":{"start":{"line":80,"column":0},"end":{"line":82,"column":0}},"type":"if","locations":[{"start":{"line":80,"column":0},"end":{"line":82,"column":0}},{"start":{"line":80,"column":0},"end":{"line":82,"column":0}}]}},"s":{"0":2,"1":4,"2":0,"3":0,"4":0,"5":0,"6":2,"7":2,"8":2,"9":2,"10":2,"11":2,"12":2,"13":0,"14":2,"15":2,"16":2,"17":4},"f":{},"b":{"0":[2,0],"1":[2,0],"2":[2,0]}}
,"D:\\Projects\\ex-localstor\\src\\components\\QuestionnaireTemplate\\SelectMulti.vue": {"path":"D:\\Projects\\ex-localstor\\src\\components\\QuestionnaireTemplate\\SelectMulti.vue","statementMap":{"0":{"start":{"line":36,"column":0},"end":{"line":null,"column":-1}},"1":{"start":{"line":37,"column":0},"end":{"line":39,"column":0}},"2":{"start":{"line":38,"column":0},"end":{"line":null,"column":-1}},"3":{"start":{"line":40,"column":0},"end":{"line":null,"column":-1}},"4":{"start":{"line":41,"column":0},"end":{"line":null,"column":-1}},"5":{"start":{"line":42,"column":0},"end":{"line":null,"column":-1}}},"fnMap":{"0":{"name":"(anonymous_1)","decl":{"start":{"line":37,"column":0},"end":{"line":null,"column":-1}},"loc":{"start":{"line":37,"column":0},"end":{"line":39,"column":0}}}},"branchMap":{},"s":{"0":1,"1":1,"2":1,"3":1,"4":1,"5":1},"f":{"0":1},"b":{}}
,"D:\\Projects\\ex-localstor\\src\\components\\QuestionnaireTemplate\\SelectOne.vue": {"path":"D:\\Projects\\ex-localstor\\src\\components\\QuestionnaireTemplate\\SelectOne.vue","statementMap":{"0":{"start":{"line":38,"column":0},"end":{"line":null,"column":-1}},"1":{"start":{"line":39,"column":0},"end":{"line":41,"column":0}},"2":{"start":{"line":40,"column":0},"end":{"line":null,"column":-1}},"3":{"start":{"line":42,"column":0},"end":{"line":null,"column":-1}},"4":{"start":{"line":43,"column":0},"end":{"line":null,"column":-1}},"5":{"start":{"line":44,"column":0},"end":{"line":null,"column":-1}},"6":{"start":{"line":47,"column":0},"end":{"line":null,"column":-1}},"7":{"start":{"line":48,"column":0},"end":{"line":50,"column":0}},"8":{"start":{"line":49,"column":0},"end":{"line":null,"column":-1}},"9":{"start":{"line":51,"column":0},"end":{"line":null,"column":-1}}},"fnMap":{"0":{"name":"(anonymous_1)","decl":{"start":{"line":39,"column":0},"end":{"line":null,"column":-1}},"loc":{"start":{"line":39,"column":0},"end":{"line":41,"column":0}}}},"branchMap":{},"s":{"0":1,"1":1,"2":1,"3":1,"4":1,"5":1,"6":1,"7":1,"8":3,"9":1},"f":{"0":1},"b":{}}
,"D:\\Projects\\ex-localstor\\src\\components\\QuestionnaireTemplate\\TextOnly.vue": {"path":"D:\\Projects\\ex-localstor\\src\\components\\QuestionnaireTemplate\\TextOnly.vue","statementMap":{"0":{"start":{"line":27,"column":0},"end":{"line":null,"column":-1}},"1":{"start":{"line":30,"column":0},"end":{"line":null,"column":-1}},"2":{"start":{"line":31,"column":0},"end":{"line":null,"column":-1}},"3":{"start":{"line":32,"column":0},"end":{"line":null,"column":-1}}},"fnMap":{},"branchMap":{},"s":{"0":1,"1":0,"2":0,"3":0},"f":{},"b":{}}
,"D:\\Projects\\ex-localstor\\src\\store\\store.js": {"path":"D:\\Projects\\ex-localstor\\src\\store\\store.js","statementMap":{"0":{"start":{"line":5,"column":0},"end":{"line":5,"column":13}}},"fnMap":{},"branchMap":{},"s":{"0":1},"f":{},"b":{},"_coverageSchema":"332fd63041d2c1bcb487cc26dd0d5f7d97098a6c","hash":"707fd971565432812a151b96a9aaf71f06ed799f"}
,"D:\\Projects\\ex-localstor\\src\\store\\modules\\PopupInvitation.js": {"path":"D:\\Projects\\ex-localstor\\src\\store\\modules\\PopupInvitation.js","statementMap":{"0":{"start":{"line":7,"column":6},"end":{"line":7,"column":30}},"1":{"start":{"line":12,"column":6},"end":{"line":12,"column":33}},"2":{"start":{"line":17,"column":6},"end":{"line":17,"column":45}},"3":{"start":{"line":18,"column":6},"end":{"line":18,"column":42}}},"fnMap":{"0":{"name":"(anonymous_0)","decl":{"start":{"line":6,"column":17},"end":{"line":6,"column":18}},"loc":{"start":{"line":6,"column":26},"end":{"line":8,"column":5}},"line":6}},"branchMap":{},"s":{"0":1,"1":1,"2":1,"3":1},"f":{"0":1},"b":{},"_coverageSchema":"332fd63041d2c1bcb487cc26dd0d5f7d97098a6c","hash":"d32dfcc110723a659eab6a5e9c6a771347356f0d"}
,"D:\\Projects\\ex-localstor\\src\\store\\modules\\PopupMain.js": {"path":"D:\\Projects\\ex-localstor\\src\\store\\modules\\PopupMain.js","statementMap":{"0":{"start":{"line":13,"column":6},"end":{"line":13,"column":32}},"1":{"start":{"line":16,"column":6},"end":{"line":16,"column":37}},"2":{"start":{"line":19,"column":6},"end":{"line":19,"column":30}},"3":{"start":{"line":22,"column":6},"end":{"line":22,"column":27}},"4":{"start":{"line":27,"column":6},"end":{"line":27,"column":40}},"5":{"start":{"line":30,"column":6},"end":{"line":35,"column":7}},"6":{"start":{"line":31,"column":23},"end":{"line":33,"column":10}},"7":{"start":{"line":32,"column":10},"end":{"line":32,"column":50}},"8":{"start":{"line":34,"column":8},"end":{"line":34,"column":67}},"9":{"start":{"line":38,"column":6},"end":{"line":38,"column":35}},"10":{"start":{"line":41,"column":6},"end":{"line":41,"column":44}},"11":{"start":{"line":44,"column":6},"end":{"line":44,"column":35}},"12":{"start":{"line":47,"column":6},"end":{"line":47,"column":38}},"13":{"start":{"line":52,"column":6},"end":{"line":52,"column":57}},"14":{"start":{"line":53,"column":6},"end":{"line":53,"column":51}},"15":{"start":{"line":56,"column":6},"end":{"line":56,"column":52}},"16":{"start":{"line":59,"column":6},"end":{"line":59,"column":45}},"17":{"start":{"line":62,"column":20},"end":{"line":62,"column":32}},"18":{"start":{"line":63,"column":6},"end":{"line":63,"column":45}},"19":{"start":{"line":66,"column":6},"end":{"line":66,"column":34}},"20":{"start":{"line":69,"column":20},"end":{"line":69,"column":35}},"21":{"start":{"line":70,"column":6},"end":{"line":70,"column":53}},"22":{"start":{"line":73,"column":6},"end":{"line":73,"column":42}}},"fnMap":{"0":{"name":"(anonymous_0)","decl":{"start":{"line":12,"column":23},"end":{"line":12,"column":24}},"loc":{"start":{"line":12,"column":32},"end":{"line":14,"column":5}},"line":12},"1":{"name":"(anonymous_1)","decl":{"start":{"line":15,"column":29},"end":{"line":15,"column":30}},"loc":{"start":{"line":15,"column":38},"end":{"line":17,"column":5}},"line":15},"2":{"name":"(anonymous_2)","decl":{"start":{"line":18,"column":17},"end":{"line":18,"column":18}},"loc":{"start":{"line":18,"column":26},"end":{"line":20,"column":5}},"line":18},"3":{"name":"(anonymous_3)","decl":{"start":{"line":21,"column":14},"end":{"line":21,"column":15}},"loc":{"start":{"line":21,"column":23},"end":{"line":23,"column":5}},"line":21},"4":{"name":"(anonymous_4)","decl":{"start":{"line":31,"column":53},"end":{"line":31,"column":54}},"loc":{"start":{"line":31,"column":70},"end":{"line":33,"column":9}},"line":31}},"branchMap":{"0":{"loc":{"start":{"line":30,"column":6},"end":{"line":35,"column":7}},"type":"if","locations":[{"start":{"line":30,"column":6},"end":{"line":35,"column":7}},{"start":{"line":30,"column":6},"end":{"line":35,"column":7}}],"line":30}},"s":{"0":1,"1":1,"2":1,"3":0,"4":1,"5":1,"6":1,"7":0,"8":1,"9":1,"10":1,"11":0,"12":0,"13":1,"14":1,"15":1,"16":1,"17":0,"18":0,"19":1,"20":0,"21":0,"22":0},"f":{"0":1,"1":1,"2":1,"3":0,"4":0},"b":{"0":[1,0]},"_coverageSchema":"332fd63041d2c1bcb487cc26dd0d5f7d97098a6c","hash":"e7a50a80b7ee5ac7280df438cd2067e39049ae99"}
}
