TN:
SF:D:\Projects\ex-localstor\src\App.vue
FN:27,(anonymous_1)
FN:28,(anonymous_3)
FN:38,handler
FNF:3
FNH:0
FNDA:0,(anonymous_1)
FNDA:0,(anonymous_3)
FNDA:0,handler
DA:22,3
DA:27,0
DA:28,0
DA:32,1
DA:35,0
DA:36,0
DA:39,0
DA:40,0
DA:45,3
DA:48,3
DA:52,3
DA:53,0
DA:55,3
DA:56,0
DA:60,3
LF:15
LH:7
BRDA:52,0,0,0
BRDA:52,0,1,3
BRDA:55,1,0,0
BRDA:55,1,1,3
BRF:4
BRH:2
end_of_record
TN:
SF:D:\Projects\ex-localstor\src\components\PopupInvitation.vue
FNF:0
FNH:0
DA:21,1
DA:24,1
LF:2
LH:2
BRF:0
BRH:0
end_of_record
TN:
SF:D:\Projects\ex-localstor\src\components\PopupMain.vue
FN:43,(anonymous_1)
FN:44,(anonymous_3)
FN:45,(anonymous_5)
FN:46,(anonymous_7)
FNF:4
FNH:0
FNDA:0,(anonymous_1)
FNDA:0,(anonymous_3)
FNDA:0,(anonymous_5)
FNDA:0,(anonymous_7)
DA:43,0
DA:44,0
DA:45,0
DA:46,0
DA:50,4
DA:53,4
DA:58,1
DA:59,1
DA:62,1
DA:63,1
DA:67,4
DA:68,0
LF:12
LH:7
BRDA:67,0,0,0
BRDA:67,0,1,4
BRF:2
BRH:1
end_of_record
TN:
SF:D:\Projects\ex-localstor\src\components\QuestionnaireTemplate\Score.vue
FNF:0
FNH:0
DA:42,4
DA:52,0
DA:53,0
DA:59,0
DA:60,0
DA:66,1
DA:67,1
DA:68,1
DA:69,1
DA:73,4
LF:10
LH:6
BRF:0
BRH:0
end_of_record
TN:
SF:D:\Projects\ex-localstor\src\components\QuestionnaireTemplate\SelectMulti.vue
FN:36,(anonymous_1)
FNF:1
FNH:1
FNDA:1,(anonymous_1)
DA:35,1
DA:36,1
DA:37,1
DA:39,1
DA:40,1
DA:41,1
LF:6
LH:6
BRF:0
BRH:0
end_of_record
TN:
SF:D:\Projects\ex-localstor\src\components\QuestionnaireTemplate\SelectOne.vue
FN:38,(anonymous_1)
FNF:1
FNH:1
FNDA:1,(anonymous_1)
DA:37,1
DA:38,1
DA:39,1
DA:41,1
DA:42,1
DA:43,1
DA:46,1
DA:47,1
DA:48,3
DA:50,1
LF:10
LH:10
BRF:0
BRH:0
end_of_record
TN:
SF:D:\Projects\ex-localstor\src\components\QuestionnaireTemplate\TextOnly.vue
FNF:0
FNH:0
DA:27,1
DA:30,0
DA:31,0
DA:32,0
LF:4
LH:1
BRF:0
BRH:0
end_of_record
TN:
SF:D:\Projects\ex-localstor\src\store\store.js
FNF:0
FNH:0
DA:5,1
LF:1
LH:1
BRF:0
BRH:0
end_of_record
TN:
SF:D:\Projects\ex-localstor\src\store\modules\PopupInvitation.js
FN:6,(anonymous_0)
FNF:1
FNH:1
FNDA:1,(anonymous_0)
DA:7,1
DA:12,1
DA:17,1
DA:18,1
LF:4
LH:4
BRF:0
BRH:0
end_of_record
TN:
SF:D:\Projects\ex-localstor\src\store\modules\PopupMain.js
FN:41,(anonymous_0)
FN:44,(anonymous_1)
FN:47,(anonymous_2)
FN:56,(anonymous_3)
FNF:4
FNH:4
FNDA:1,(anonymous_0)
FNDA:1,(anonymous_1)
FNDA:1,(anonymous_2)
FNDA:3,(anonymous_3)
DA:42,1
DA:45,1
DA:48,1
DA:53,1
DA:56,1
DA:57,3
DA:59,1
DA:62,1
DA:65,1
DA:70,1
DA:71,1
DA:74,1
DA:77,1
DA:80,1
LF:14
LH:14
BRF:0
BRH:0
end_of_record
