TN:
SF:D:\Projects\ex-localstor\src\App.vue
FN:23,(anonymous_1)
FN:24,(anonymous_3)
FN:36,handler
FNF:3
FNH:1
FNDA:0,(anonymous_1)
FNDA:2,(anonymous_3)
FNDA:0,handler
DA:18,2
DA:23,0
DA:24,2
DA:28,1
DA:31,0
DA:32,0
DA:34,0
DA:37,0
DA:38,0
DA:39,0
DA:44,2
DA:48,2
DA:49,0
DA:51,2
DA:52,0
DA:56,2
LF:16
LH:7
BRDA:48,0,0,0
BRDA:48,0,1,2
BRDA:51,1,0,0
BRDA:51,1,1,2
BRF:4
BRH:2
end_of_record
TN:
SF:D:\Projects\ex-localstor\src\components\PopupInvitation.vue
FNF:0
FNH:0
DA:21,1
LF:1
LH:1
BRF:0
BRH:0
end_of_record
TN:
SF:D:\Projects\ex-localstor\src\components\PopupMain.vue
FN:43,(anonymous_1)
FN:44,(anonymous_3)
FN:45,(anonymous_5)
FN:46,(anonymous_7)
FNF:4
FNH:0
FNDA:0,(anonymous_1)
FNDA:0,(anonymous_3)
FNDA:0,(anonymous_5)
FNDA:0,(anonymous_7)
DA:43,0
DA:44,0
DA:45,0
DA:46,0
DA:50,1
DA:53,1
DA:58,0
DA:59,0
DA:62,0
DA:63,0
DA:67,1
DA:68,0
LF:12
LH:3
BRDA:67,0,0,0
BRDA:67,0,1,1
BRF:2
BRH:1
end_of_record
TN:
SF:D:\Projects\ex-localstor\src\components\QuestionnaireTemplate\Score.vue
FNF:0
FNH:0
DA:42,0
DA:52,0
DA:53,0
DA:59,0
DA:60,0
DA:66,0
DA:67,0
DA:68,0
DA:69,0
DA:73,0
LF:10
LH:0
BRF:0
BRH:0
end_of_record
TN:
SF:D:\Projects\ex-localstor\src\components\QuestionnaireTemplate\SelectMulti.vue
FN:36,(anonymous_1)
FNF:1
FNH:0
FNDA:0,(anonymous_1)
DA:35,0
DA:36,0
DA:37,0
DA:39,0
DA:40,0
DA:41,0
LF:6
LH:0
BRF:0
BRH:0
end_of_record
TN:
SF:D:\Projects\ex-localstor\src\components\QuestionnaireTemplate\SelectOne.vue
FN:38,(anonymous_1)
FNF:1
FNH:0
FNDA:0,(anonymous_1)
DA:37,0
DA:38,0
DA:39,0
DA:41,0
DA:42,0
DA:43,0
DA:46,0
DA:47,0
DA:48,0
DA:50,0
LF:10
LH:0
BRF:0
BRH:0
end_of_record
TN:
SF:D:\Projects\ex-localstor\src\components\QuestionnaireTemplate\TextOnly.vue
FNF:0
FNH:0
DA:27,0
DA:30,0
DA:31,0
DA:32,0
LF:4
LH:0
BRF:0
BRH:0
end_of_record
TN:
SF:D:\Projects\ex-localstor\src\store\store.js
FNF:0
FNH:0
DA:5,1
LF:1
LH:1
BRF:0
BRH:0
end_of_record
TN:
SF:D:\Projects\ex-localstor\src\store\modules\PopupInvitation.js
FN:6,(anonymous_0)
FNF:1
FNH:1
FNDA:1,(anonymous_0)
DA:7,1
DA:12,1
DA:17,1
DA:18,1
LF:4
LH:4
BRF:0
BRH:0
end_of_record
TN:
SF:D:\Projects\ex-localstor\src\store\modules\PopupMain.js
FN:40,(anonymous_0)
FN:43,(anonymous_1)
FN:52,(anonymous_2)
FNF:3
FNH:3
FNDA:1,(anonymous_0)
FNDA:1,(anonymous_1)
FNDA:3,(anonymous_2)
DA:41,1
DA:44,1
DA:49,1
DA:52,1
DA:53,3
DA:55,1
DA:58,1
DA:63,1
DA:64,1
DA:67,1
DA:70,1
LF:11
LH:11
BRF:0
BRH:0
end_of_record
